# JRE version: OpenJDK Runtime Environment (8.0_152-b01) (build 1.8.0_152-release-1248-b01)
# Java VM: OpenJDK 64-Bit Server VM (25.152-b01 mixed mode windows-amd64 compressed oops)
Heap:
 PSYoungGen      total 337920K, used 156321K [0x00000000e0000000, 0x00000000f7f00000, 0x0000000100000000)
  eden space 319488K, 48% used [0x00000000e0000000,0x00000000e968aa08,0x00000000f3800000)
  from space 18432K, 11% used [0x00000000f3800000,0x00000000f3a1ddd8,0x00000000f4a00000)
  to   space 17920K, 0% used [0x00000000f6d80000,0x00000000f6d80000,0x00000000f7f00000)
 ParOldGen       total 134144K, used 63987K [0x00000000a0000000, 0x00000000a8300000, 0x00000000e0000000)
  object space 134144K, 47% used [0x00000000a0000000,0x00000000a3e7ced8,0x00000000a8300000)
 Metaspace       used 93649K, capacity 97279K, committed 97456K, reserved 1134592K
  class space    used 11817K, capacity 12612K, committed 12720K, reserved 1048576K
GC Heap History (10 events):
Event: 1418.458 GC heap before
{Heap before GC invocations=28 (full 3):
 PSYoungGen      total 266240K, used 253168K [0x00000000e0000000, 0x00000000f1b80000, 0x0000000100000000)
  eden space 251392K, 100% used [0x00000000e0000000,0x00000000ef580000,0x00000000ef580000)
  from space 14848K, 11% used [0x00000000f0d00000,0x00000000f0ebc198,0x00000000f1b80000)
  to   space 19456K, 0% used [0x00000000ef580000,0x00000000ef580000,0x00000000f0880000)
 ParOldGen       total 134144K, used 63673K [0x00000000a0000000, 0x00000000a8300000, 0x00000000e0000000)
  object space 134144K, 47% used [0x00000000a0000000,0x00000000a3e2e6f8,0x00000000a8300000)
 Metaspace       used 93189K, capacity 96783K, committed 96816K, reserved 1134592K
  class space    used 11802K, capacity 12566K, committed 12592K, reserved 1048576K
Event: 1418.516 GC heap after
Heap after GC invocations=28 (full 3):
 PSYoungGen      total 270848K, used 1731K [0x00000000e0000000, 0x00000000f4080000, 0x0000000100000000)
  eden space 251392K, 0% used [0x00000000e0000000,0x00000000e0000000,0x00000000ef580000)
  from space 19456K, 8% used [0x00000000ef580000,0x00000000ef730ed8,0x00000000f0880000)
  to   space 19456K, 0% used [0x00000000f2d80000,0x00000000f2d80000,0x00000000f4080000)
 ParOldGen       total 134144K, used 63897K [0x00000000a0000000, 0x00000000a8300000, 0x00000000e0000000)
  object space 134144K, 47% used [0x00000000a0000000,0x00000000a3e66790,0x00000000a8300000)
 Metaspace       used 93189K, capacity 96783K, committed 96816K, reserved 1134592K
  class space    used 11802K, capacity 12566K, committed 12592K, reserved 1048576K
}
Event: 1421.784 GC heap before
{Heap before GC invocations=29 (full 3):
 PSYoungGen      total 270848K, used 253123K [0x00000000e0000000, 0x00000000f4080000, 0x0000000100000000)
  eden space 251392K, 100% used [0x00000000e0000000,0x00000000ef580000,0x00000000ef580000)
  from space 19456K, 8% used [0x00000000ef580000,0x00000000ef730ed8,0x00000000f0880000)
  to   space 19456K, 0% used [0x00000000f2d80000,0x00000000f2d80000,0x00000000f4080000)
 ParOldGen       total 134144K, used 63897K [0x00000000a0000000, 0x00000000a8300000, 0x00000000e0000000)
  object space 134144K, 47% used [0x00000000a0000000,0x00000000a3e66790,0x00000000a8300000)
 Metaspace       used 93278K, capacity 96915K, committed 97072K, reserved 1134592K
  class space    used 11802K, capacity 12566K, committed 12592K, reserved 1048576K
Event: 1421.833 GC heap after
Heap after GC invocations=29 (full 3):
 PSYoungGen      total 304640K, used 944K [0x00000000e0000000, 0x00000000f3e80000, 0x0000000100000000)
  eden space 287232K, 0% used [0x00000000e0000000,0x00000000e0000000,0x00000000f1880000)
  from space 17408K, 5% used [0x00000000f2d80000,0x00000000f2e6c268,0x00000000f3e80000)
  to   space 19456K, 0% used [0x00000000f1880000,0x00000000f1880000,0x00000000f2b80000)
 ParOldGen       total 134144K, used 63963K [0x00000000a0000000, 0x00000000a8300000, 0x00000000e0000000)
  object space 134144K, 47% used [0x00000000a0000000,0x00000000a3e76ed8,0x00000000a8300000)
 Metaspace       used 93278K, capacity 96915K, committed 97072K, reserved 1134592K
  class space    used 11802K, capacity 12566K, committed 12592K, reserved 1048576K
}
Event: 1423.722 GC heap before
{Heap before GC invocations=30 (full 3):
 PSYoungGen      total 304640K, used 288176K [0x00000000e0000000, 0x00000000f3e80000, 0x0000000100000000)
  eden space 287232K, 100% used [0x00000000e0000000,0x00000000f1880000,0x00000000f1880000)
  from space 17408K, 5% used [0x00000000f2d80000,0x00000000f2e6c268,0x00000000f3e80000)
  to   space 19456K, 0% used [0x00000000f1880000,0x00000000f1880000,0x00000000f2b80000)
 ParOldGen       total 134144K, used 63963K [0x00000000a0000000, 0x00000000a8300000, 0x00000000e0000000)
  object space 134144K, 47% used [0x00000000a0000000,0x00000000a3e76ed8,0x00000000a8300000)
 Metaspace       used 93355K, capacity 96985K, committed 97072K, reserved 1134592K
  class space    used 11802K, capacity 12567K, committed 12592K, reserved 1048576K
Event: 1423.736 GC heap after
Heap after GC invocations=30 (full 3):
 PSYoungGen      total 306688K, used 3795K [0x00000000e0000000, 0x00000000f6180000, 0x0000000100000000)
  eden space 287232K, 0% used [0x00000000e0000000,0x00000000e0000000,0x00000000f1880000)
  from space 19456K, 19% used [0x00000000f1880000,0x00000000f1c34c00,0x00000000f2b80000)
  to   space 18944K, 0% used [0x00000000f4f00000,0x00000000f4f00000,0x00000000f6180000)
 ParOldGen       total 134144K, used 63971K [0x00000000a0000000, 0x00000000a8300000, 0x00000000e0000000)
  object space 134144K, 47% used [0x00000000a0000000,0x00000000a3e78ed8,0x00000000a8300000)
 Metaspace       used 93355K, capacity 96985K, committed 97072K, reserved 1134592K
  class space    used 11802K, capacity 12567K, committed 12592K, reserved 1048576K
}
Event: 1425.854 GC heap before
{Heap before GC invocations=31 (full 3):
 PSYoungGen      total 306688K, used 291027K [0x00000000e0000000, 0x00000000f6180000, 0x0000000100000000)
  eden space 287232K, 100% used [0x00000000e0000000,0x00000000f1880000,0x00000000f1880000)
  from space 19456K, 19% used [0x00000000f1880000,0x00000000f1c34c00,0x00000000f2b80000)
  to   space 18944K, 0% used [0x00000000f4f00000,0x00000000f4f00000,0x00000000f6180000)
 ParOldGen       total 134144K, used 63971K [0x00000000a0000000, 0x00000000a8300000, 0x00000000e0000000)
  object space 134144K, 47% used [0x00000000a0000000,0x00000000a3e78ed8,0x00000000a8300000)
 Metaspace       used 93416K, capacity 96991K, committed 97072K, reserved 1134592K
  class space    used 11803K, capacity 12568K, committed 12592K, reserved 1048576K
Event: 1425.863 GC heap after
Heap after GC invocations=31 (full 3):
 PSYoungGen      total 332800K, used 2031K [0x00000000e0000000, 0x00000000f5c00000, 0x0000000100000000)
  eden space 319488K, 0% used [0x00000000e0000000,0x00000000e0000000,0x00000000f3800000)
  from space 13312K, 15% used [0x00000000f4f00000,0x00000000f50fbdc0,0x00000000f5c00000)
  to   space 18432K, 0% used [0x00000000f3800000,0x00000000f3800000,0x00000000f4a00000)
 ParOldGen       total 134144K, used 63979K [0x00000000a0000000, 0x00000000a8300000, 0x00000000e0000000)
  object space 134144K, 47% used [0x00000000a0000000,0x00000000a3e7aed8,0x00000000a8300000)
 Metaspace       used 93416K, capacity 96991K, committed 97072K, reserved 1134592K
  class space    used 11803K, capacity 12568K, committed 12592K, reserved 1048576K
}
Event: 1428.704 GC heap before
{Heap before GC invocations=32 (full 3):
 PSYoungGen      total 332800K, used 321519K [0x00000000e0000000, 0x00000000f5c00000, 0x0000000100000000)
  eden space 319488K, 100% used [0x00000000e0000000,0x00000000f3800000,0x00000000f3800000)
  from space 13312K, 15% used [0x00000000f4f00000,0x00000000f50fbdc0,0x00000000f5c00000)
  to   space 18432K, 0% used [0x00000000f3800000,0x00000000f3800000,0x00000000f4a00000)
 ParOldGen       total 134144K, used 63979K [0x00000000a0000000, 0x00000000a8300000, 0x00000000e0000000)
  object space 134144K, 47% used [0x00000000a0000000,0x00000000a3e7aed8,0x00000000a8300000)
 Metaspace       used 93602K, capacity 97245K, committed 97456K, reserved 1134592K
  class space    used 11814K, capacity 12605K, committed 12720K, reserved 1048576K
Event: 1428.758 GC heap after
Heap after GC invocations=32 (full 3):
 PSYoungGen      total 337920K, used 2167K [0x00000000e0000000, 0x00000000f7f00000, 0x0000000100000000)
  eden space 319488K, 0% used [0x00000000e0000000,0x00000000e0000000,0x00000000f3800000)
  from space 18432K, 11% used [0x00000000f3800000,0x00000000f3a1ddd8,0x00000000f4a00000)
  to   space 17920K, 0% used [0x00000000f6d80000,0x00000000f6d80000,0x00000000f7f00000)
 ParOldGen       total 134144K, used 63987K [0x00000000a0000000, 0x00000000a8300000, 0x00000000e0000000)
  object space 134144K, 47% used [0x00000000a0000000,0x00000000a3e7ced8,0x00000000a8300000)
 Metaspace       used 93602K, capacity 97245K, committed 97456K, reserved 1134592K
  class space    used 11814K, capacity 12605K, committed 12720K, reserved 1048576K
}

